<?xml version="1.0" encoding="UTF-8"?>
<!-- Generated by org.testng.reporters.JUnitXMLReporter -->
<testsuite ignored="1" hostname="Lennoxs-MacBook-Pro.local" failures="1" tests="1" name="chromeTest" time="79.568" errors="0" timestamp="2025-04-05T21:11:38 EDT">
  <testcase classname="testCases.TC08_Advance_Search_Page" name="testAdvanceSearch" time="18.181">
    <failure type="java.lang.AssertionError" message="Expected result not found: Results contain &amp;quot;laptop&amp;quot; expected [true] but found [false]">
      <![CDATA[java.lang.AssertionError: Expected result not found: Results contain "laptop" expected [true] but found [false]
at testCases.TC08_Advance_Search_Page.testAdvanceSearch(TC08_Advance_Search_Page.java:49)
at java.base/java.util.ArrayList.forEach(ArrayList.java:1597)
at java.base/java.util.concurrent.FutureTask.run(FutureTask.java:317)
at java.base/java.util.concurrent.ThreadPoolExecutor.runWorker(ThreadPoolExecutor.java:1144)
at java.base/java.util.concurrent.ThreadPoolExecutor$Worker.run(ThreadPoolExecutor.java:642)
at java.base/java.lang.Thread.run(Thread.java:1570)
... Removed 18 stack frames]]>
    </failure>
  </testcase> <!-- testAdvanceSearch -->
  <testcase classname="testCases.TC09_UIValidation" name="testSearchPageUI" time="0.0">
    <ignored/>
  </testcase> <!-- testSearchPageUI -->
</testsuite> <!-- chromeTest -->
